<?xml version="1.0" encoding="UTF-8"?>
<testng-results ignored="0" total="3" passed="3" failed="0" skipped="0">
  <reporter-output>
  </reporter-output>
  <suite started-at="2023-09-02T11:08:55 IST" name="Default suite" finished-at="2023-09-02T11:10:35 IST" duration-ms="99717">
    <groups>
      <group name="SmokeTest">
        <method signature="MainTest.TestBike()[pri:1, instance:Hackathon.NewBikeSearch.test.MainTest@44a59da3]" name="TestBike" class="Hackathon.NewBikeSearch.test.MainTest"/>
      </group> <!-- SmokeTest -->
      <group name="Regression">
        <method signature="MainTest.TestCar()[pri:2, instance:Hackathon.NewBikeSearch.test.MainTest@44a59da3]" name="TestCar" class="Hackathon.NewBikeSearch.test.MainTest"/>
      </group> <!-- Regression -->
    </groups>
    <test started-at="2023-09-02T11:08:55 IST" name="Default test" finished-at="2023-09-02T11:10:35 IST" duration-ms="99717">
      <class name="Hackathon.NewBikeSearch.test.MainTest">
        <test-method is-config="true" signature="beforeRun()[pri:0, instance:Hackathon.NewBikeSearch.test.MainTest@44a59da3]" started-at="2023-09-02T11:08:55 IST" name="beforeRun" finished-at="2023-09-02T11:09:22 IST" duration-ms="26403" status="PASS">
          <reporter-output>
          </reporter-output>
        </test-method> <!-- beforeRun -->
        <test-method signature="TestBike()[pri:1, instance:Hackathon.NewBikeSearch.test.MainTest@44a59da3]" started-at="2023-09-02T11:09:22 IST" name="TestBike" finished-at="2023-09-02T11:09:42 IST" duration-ms="19648" status="PASS">
          <reporter-output>
          </reporter-output>
        </test-method> <!-- TestBike -->
        <test-method signature="TestCar()[pri:2, instance:Hackathon.NewBikeSearch.test.MainTest@44a59da3]" started-at="2023-09-02T11:09:42 IST" name="TestCar" finished-at="2023-09-02T11:10:00 IST" duration-ms="18729" status="PASS">
          <reporter-output>
          </reporter-output>
        </test-method> <!-- TestCar -->
        <test-method signature="TestLogin()[pri:3, instance:Hackathon.NewBikeSearch.test.MainTest@44a59da3]" started-at="2023-09-02T11:10:00 IST" name="TestLogin" finished-at="2023-09-02T11:10:32 IST" duration-ms="31410" status="PASS">
          <reporter-output>
          </reporter-output>
        </test-method> <!-- TestLogin -->
        <test-method is-config="true" signature="closeTest()[pri:0, instance:Hackathon.NewBikeSearch.test.MainTest@44a59da3]" started-at="2023-09-02T11:10:32 IST" name="closeTest" finished-at="2023-09-02T11:10:35 IST" duration-ms="3359" status="PASS">
          <reporter-output>
          </reporter-output>
        </test-method> <!-- closeTest -->
      </class> <!-- Hackathon.NewBikeSearch.test.MainTest -->
    </test> <!-- Default test -->
  </suite> <!-- Default suite -->
</testng-results>
