<?xml version="1.0" encoding="UTF-8"?>
<!-- Generated by org.testng.reporters.JUnitXMLReporter -->
<testsuite ignored="0" hostname="DESKTOP-DHOC6E0" failures="0" tests="3" name="Default test" time="99.717" errors="0" timestamp="2023-09-02T11:10:35 IST">
  <testcase classname="Hackathon.NewBikeSearch.test.MainTest" name="TestBike" time="19.648"/>
  <testcase classname="Hackathon.NewBikeSearch.test.MainTest" name="TestCar" time="18.729"/>
  <testcase classname="Hackathon.NewBikeSearch.test.MainTest" name="TestLogin" time="31.41"/>
</testsuite> <!-- Default test -->
