<?xml version="1.0" encoding="UTF-8"?>
<!-- Generated by org.testng.reporters.JUnitXMLReporter -->
<testsuite ignored="0" hostname="Frozen-Heart" failures="0" tests="3" name="All Test" time="42.752" errors="0" timestamp="2023-08-28T22:24:47 IST">
  <testcase classname="Hackathon.NewBikeSearch.test.MainTest" name="TestBike" time="10.519"/>
  <testcase classname="Hackathon.NewBikeSearch.test.MainTest" name="TestCar" time="12.879"/>
  <testcase classname="Hackathon.NewBikeSearch.test.MainTest" name="TestLogin" time="9.244"/>
</testsuite> <!-- All Test -->
