<?xml version="1.0" encoding="UTF-8"?>
<!-- Generated by org.testng.reporters.JUnitXMLReporter -->
<testsuite ignored="0" hostname="LTIN252486" failures="1" tests="3" name="Test Bike" time="22.559" errors="0" timestamp="2023-08-24T12:11:25 IST">
  <testcase classname="Hackathon.NewBikeSearch.test.TestBike" name="TestUpcommingBike" time="8.167"/>
  <testcase classname="Hackathon.NewBikeSearch.test.TestBike" name="TestSearchHonda" time="5.437"/>
  <testcase classname="Hackathon.NewBikeSearch.test.TestBike" name="TestUnder4lakh" time="3.265">
    <failure type="java.lang.IllegalArgumentException" message="The workbook already contains a sheet named &amp;apos;Bikes&amp;apos;">
      <![CDATA[java.lang.IllegalArgumentException: The workbook already contains a sheet named 'Bikes'
at org.apache.poi.xssf.usermodel.XSSFWorkbook.validateSheetName(XSSFWorkbook.java:952)
at org.apache.poi.xssf.usermodel.XSSFWorkbook.createSheet(XSSFWorkbook.java:896)
at Hackathon.NewBikeSearch.utils.WriteExcelData.writeExcelTopCellBikes(WriteExcelData.java:28)
at Hackathon.NewBikeSearch.modules.HondaBikes.SearchHondaUnder4lakh(HondaBikes.java:74)
at Hackathon.NewBikeSearch.test.TestBike.TestUnder4lakh(TestBike.java:28)
at java.base/java.util.ArrayList.forEach(ArrayList.java:1511)
... Removed 27 stack frames]]>
    </failure>
  </testcase> <!-- TestUnder4lakh -->
</testsuite> <!-- Test Bike -->
