<?xml version="1.0" encoding="UTF-8"?>
<!-- Generated by org.testng.reporters.JUnitXMLReporter -->
<testsuite ignored="0" hostname="LTIN252486" failures="0" tests="2" name="Test Car" time="0.053" errors="0" timestamp="2023-08-24T12:11:25 IST">
  <testcase classname="Hackathon.NewBikeSearch.test.TestCar" name="TestUsedCars" time="0.0">
    <skipped/>
  </testcase> <!-- TestUsedCars -->
  <testcase classname="Hackathon.NewBikeSearch.test.TestCar" name="TestPopularModels" time="0.0">
    <skipped/>
  </testcase> <!-- TestPopularModels -->
</testsuite> <!-- Test Car -->
