<?xml version="1.0" encoding="UTF-8"?>
<!-- Generated by org.testng.reporters.JUnitXMLReporter -->
<testsuite ignored="0" hostname="LTIN252486" failures="0" tests="4" name="Test Login" time="0.055" errors="0" timestamp="2023-08-24T12:11:25 IST">
  <testcase classname="Hackathon.NewBikeSearch.test.TestLogIn" name="TestNavigateToMain" time="0.0">
    <skipped/>
  </testcase> <!-- TestNavigateToMain -->
  <testcase classname="Hackathon.NewBikeSearch.test.TestLogIn" name="TestLogin" time="0.0">
    <skipped/>
  </testcase> <!-- TestLogin -->
  <testcase classname="Hackathon.NewBikeSearch.test.TestLogIn" name="TestGoogle" time="0.0">
    <skipped/>
  </testcase> <!-- TestGoogle -->
  <testcase classname="Hackathon.NewBikeSearch.test.TestLogIn" name="TestInvalidDetailsError" time="0.0">
    <skipped/>
  </testcase> <!-- TestInvalidDetailsError -->
</testsuite> <!-- Test Login -->
