<?xml version="1.0" encoding="UTF-8"?>
<!-- Generated by org.testng.reporters.JUnitXMLReporter -->
<testsuite ignored="2" hostname="LTIN252486" failures="0" tests="1" name="Default test(failed)" time="51.092" errors="0" timestamp="2023-08-24T17:13:52 IST">
  <testcase classname="Hackathon.NewBikeSearch.test.MainTest" name="TestBike" time="49.467"/>
  <testcase classname="Hackathon.NewBikeSearch.test.MainTest" name="TestCar" time="0.0">
    <ignored/>
  </testcase> <!-- TestCar -->
  <testcase classname="Hackathon.NewBikeSearch.test.MainTest" name="TestLogin" time="0.0">
    <ignored/>
  </testcase> <!-- TestLogin -->
</testsuite> <!-- Default test(failed) -->
